<?xml version="1.0" encoding="UTF-8"?>
<!-- Generated by org.testng.reporters.JUnitReportReporter -->
<testsuite hostname="FVFY201PHV2H" name="StudentRequests.TC04_xPathApprovedRequestsin2019" tests="1" failures="0" timestamp="21 May 2020 06:47:12 GMT" time="1.210" errors="0">
  <testcase name="verifySelectedFilterOptions" time="1.210" classname="StudentRequests.TC04_xPathApprovedRequestsin2019"/>
</testsuite> <!-- StudentRequests.TC04_xPathApprovedRequestsin2019 -->
