<?xml version="1.0" encoding="UTF-8"?>
<!-- Generated by org.testng.reporters.JUnitReportReporter -->
<testsuite hostname="FVFY201PHV2H" name="StudentRequests.TC03_Sort_FirstName" tests="2" failures="0" timestamp="18 May 2020 03:52:45 GMT" time="2.330" errors="0">
  <testcase name="verifyAscendingOrderFirstName" time="0.600" classname="StudentRequests.TC03_Sort_FirstName"/>
  <testcase name="verifyDescendingOrderFirstName" time="1.730" classname="StudentRequests.TC03_Sort_FirstName"/>
</testsuite> <!-- StudentRequests.TC03_Sort_FirstName -->
