<?xml version="1.0" encoding="UTF-8"?>
<!-- Generated by org.testng.reporters.JUnitReportReporter -->
<testsuite hostname="FVFY201PHV2H" name="StudentRequests.TC03_Sort_FirstNameTest" tests="2" failures="0" timestamp="21 May 2020 04:04:53 GMT" time="2.538" errors="0">
  <testcase name="verifyAscendingOrderFirstName" time="0.683" classname="StudentRequests.TC03_Sort_FirstNameTest"/>
  <testcase name="verifyDescendingOrderFirstName" time="1.855" classname="StudentRequests.TC03_Sort_FirstNameTest"/>
</testsuite> <!-- StudentRequests.TC03_Sort_FirstNameTest -->
