<?xml version="1.0" encoding="UTF-8"?>
<!-- Generated by org.testng.reporters.JUnitReportReporter -->
<testsuite hostname="FVFY201PHV2H" name="API_Tests.TC04_GetAPI" tests="1" failures="0" timestamp="21 May 2020 04:36:58 GMT" time="5.070" errors="0">
  <testcase name="getPosts" time="5.070" classname="API_Tests.TC04_GetAPI"/>
</testsuite> <!-- API_Tests.TC04_GetAPI -->
