<?xml version="1.0" encoding="UTF-8"?>
<!-- Generated by org.testng.reporters.JUnitReportReporter -->
<testsuite hostname="FVFY201PHV2H" name="Login.TC01_Test_Login" tests="1" failures="0" timestamp="21 May 2020 04:04:53 GMT" time="0.883" errors="0">
  <testcase name="loginTest" time="0.883" classname="Login.TC01_Test_Login"/>
</testsuite> <!-- Login.TC01_Test_Login -->
